# JRE version: OpenJDK Runtime Environment Temurin-21.0.4+7 (21.0.4+7) (build 21.0.4+7-LTS)
# Java VM: OpenJDK 64-Bit Server VM Temurin-21.0.4+7 (21.0.4+7-LTS, mixed mode, sharing, tiered, compressed oops, compressed class ptrs, g1 gc, windows-amd64)
GC Precious Log:
 CardTable entry size: 512
 Card Set container configuration: InlinePtr #cards 5 size 8 Array Of Cards #cards 12 size 40 Howl #buckets 4 coarsen threshold 1843 Howl Bitmap #cards 512 size 80 coarsen threshold 460 Card regions per heap region 1 cards per card region 2048
 CPUs: 12 total, 12 available
 Memory: 7880M
 Large Page Support: Disabled
 NUMA Support: Disabled
 Compressed Oops: Enabled (32-bit)
 Heap Region Size: 1M
 Heap Min Capacity: 8M
 Heap Initial Capacity: 124M
 Heap Max Capacity: 1972M
 Pre-touch: Disabled
 Parallel Workers: 10
 Concurrent Workers: 3
 Concurrent Refinement Workers: 10
 Periodic GC: Disabled
Heap:
 garbage-first heap   total 83968K, used 73489K [0x0000000084c00000, 0x0000000100000000)
  region size 1024K, 32 young (32768K), 1 survivors (1024K)
 Metaspace       used 97920K, committed 98624K, reserved 1179648K
  class space    used 12965K, committed 13248K, reserved 1048576K
GC Heap History (20 events):
Event: 41.174 GC heap before
{Heap before GC invocations=19 (full 0):
 garbage-first heap   total 78848K, used 69932K [0x0000000084c00000, 0x0000000100000000)
  region size 1024K, 24 young (24576K), 3 survivors (3072K)
 Metaspace       used 89643K, committed 90496K, reserved 1179648K
  class space    used 12192K, committed 12608K, reserved 1048576K
}
Event: 41.178 GC heap after
{Heap after GC invocations=20 (full 0):
 garbage-first heap   total 78848K, used 48646K [0x0000000084c00000, 0x0000000100000000)
  region size 1024K, 2 young (2048K), 2 survivors (2048K)
 Metaspace       used 89643K, committed 90496K, reserved 1179648K
  class space    used 12192K, committed 12608K, reserved 1048576K
}
Event: 1320.654 GC heap before
{Heap before GC invocations=20 (full 0):
 garbage-first heap   total 78848K, used 69126K [0x0000000084c00000, 0x0000000100000000)
  region size 1024K, 23 young (23552K), 2 survivors (2048K)
 Metaspace       used 92649K, committed 93568K, reserved 1179648K
  class space    used 12548K, committed 12992K, reserved 1048576K
}
Event: 1320.979 GC heap after
{Heap after GC invocations=21 (full 0):
 garbage-first heap   total 78848K, used 48484K [0x0000000084c00000, 0x0000000100000000)
  region size 1024K, 2 young (2048K), 2 survivors (2048K)
 Metaspace       used 92649K, committed 93568K, reserved 1179648K
  class space    used 12548K, committed 12992K, reserved 1048576K
}
Event: 3575.884 GC heap before
{Heap before GC invocations=22 (full 0):
 garbage-first heap   total 83968K, used 69988K [0x0000000084c00000, 0x0000000100000000)
  region size 1024K, 23 young (23552K), 2 survivors (2048K)
 Metaspace       used 93195K, committed 94080K, reserved 1179648K
  class space    used 12550K, committed 12992K, reserved 1048576K
}
Event: 3576.008 GC heap after
{Heap after GC invocations=23 (full 0):
 garbage-first heap   total 83968K, used 48993K [0x0000000084c00000, 0x0000000100000000)
  region size 1024K, 2 young (2048K), 2 survivors (2048K)
 Metaspace       used 93195K, committed 94080K, reserved 1179648K
  class space    used 12550K, committed 12992K, reserved 1048576K
}
Event: 20249.322 GC heap before
{Heap before GC invocations=23 (full 0):
 garbage-first heap   total 83968K, used 75617K [0x0000000084c00000, 0x0000000100000000)
  region size 1024K, 28 young (28672K), 2 survivors (2048K)
 Metaspace       used 93724K, committed 94656K, reserved 1179648K
  class space    used 12552K, committed 12992K, reserved 1048576K
}
Event: 20249.450 GC heap after
{Heap after GC invocations=24 (full 0):
 garbage-first heap   total 83968K, used 48446K [0x0000000084c00000, 0x0000000100000000)
  region size 1024K, 2 young (2048K), 2 survivors (2048K)
 Metaspace       used 93724K, committed 94656K, reserved 1179648K
  class space    used 12552K, committed 12992K, reserved 1048576K
}
Event: 23429.894 GC heap before
{Heap before GC invocations=24 (full 0):
 garbage-first heap   total 83968K, used 76094K [0x0000000084c00000, 0x0000000100000000)
  region size 1024K, 29 young (29696K), 2 survivors (2048K)
 Metaspace       used 94838K, committed 95680K, reserved 1179648K
  class space    used 12657K, committed 13056K, reserved 1048576K
}
Event: 23429.979 GC heap after
{Heap after GC invocations=25 (full 0):
 garbage-first heap   total 83968K, used 48692K [0x0000000084c00000, 0x0000000100000000)
  region size 1024K, 3 young (3072K), 3 survivors (3072K)
 Metaspace       used 94838K, committed 95680K, reserved 1179648K
  class space    used 12657K, committed 13056K, reserved 1048576K
}
Event: 25254.934 GC heap before
{Heap before GC invocations=26 (full 0):
 garbage-first heap   total 83968K, used 73268K [0x0000000084c00000, 0x0000000100000000)
  region size 1024K, 28 young (28672K), 3 survivors (3072K)
 Metaspace       used 96974K, committed 97664K, reserved 1179648K
  class space    used 12921K, committed 13248K, reserved 1048576K
}
Event: 25255.094 GC heap after
{Heap after GC invocations=27 (full 0):
 garbage-first heap   total 83968K, used 50279K [0x0000000084c00000, 0x0000000100000000)
  region size 1024K, 4 young (4096K), 4 survivors (4096K)
 Metaspace       used 96974K, committed 97664K, reserved 1179648K
  class space    used 12921K, committed 13248K, reserved 1048576K
}
Event: 28144.170 GC heap before
{Heap before GC invocations=27 (full 0):
 garbage-first heap   total 83968K, used 73831K [0x0000000084c00000, 0x0000000100000000)
  region size 1024K, 27 young (27648K), 4 survivors (4096K)
 Metaspace       used 97122K, committed 97792K, reserved 1179648K
  class space    used 12926K, committed 13248K, reserved 1048576K
}
Event: 28144.685 GC heap after
{Heap after GC invocations=28 (full 0):
 garbage-first heap   total 83968K, used 45640K [0x0000000084c00000, 0x0000000100000000)
  region size 1024K, 2 young (2048K), 2 survivors (2048K)
 Metaspace       used 97122K, committed 97792K, reserved 1179648K
  class space    used 12926K, committed 13248K, reserved 1048576K
}
Event: 31633.925 GC heap before
{Heap before GC invocations=28 (full 0):
 garbage-first heap   total 83968K, used 75336K [0x0000000084c00000, 0x0000000100000000)
  region size 1024K, 31 young (31744K), 2 survivors (2048K)
 Metaspace       used 97453K, committed 98112K, reserved 1179648K
  class space    used 12930K, committed 13248K, reserved 1048576K
}
Event: 31634.417 GC heap after
{Heap after GC invocations=29 (full 0):
 garbage-first heap   total 83968K, used 45024K [0x0000000084c00000, 0x0000000100000000)
  region size 1024K, 1 young (1024K), 1 survivors (1024K)
 Metaspace       used 97453K, committed 98112K, reserved 1179648K
  class space    used 12930K, committed 13248K, reserved 1048576K
}
Event: 31723.289 GC heap before
{Heap before GC invocations=29 (full 0):
 garbage-first heap   total 83968K, used 48096K [0x0000000084c00000, 0x0000000100000000)
  region size 1024K, 4 young (4096K), 1 survivors (1024K)
 Metaspace       used 97460K, committed 98112K, reserved 1179648K
  class space    used 12930K, committed 13248K, reserved 1048576K
}
Event: 31723.631 GC heap after
{Heap after GC invocations=30 (full 0):
 garbage-first heap   total 83968K, used 44412K [0x0000000084c00000, 0x0000000100000000)
  region size 1024K, 1 young (1024K), 1 survivors (1024K)
 Metaspace       used 97460K, committed 98112K, reserved 1179648K
  class space    used 12930K, committed 13248K, reserved 1048576K
}
Event: 32119.348 GC heap before
{Heap before GC invocations=30 (full 0):
 garbage-first heap   total 83968K, used 47484K [0x0000000084c00000, 0x0000000100000000)
  region size 1024K, 4 young (4096K), 1 survivors (1024K)
 Metaspace       used 97516K, committed 98176K, reserved 1179648K
  class space    used 12940K, committed 13248K, reserved 1048576K
}
Event: 32119.573 GC heap after
{Heap after GC invocations=31 (full 0):
 garbage-first heap   total 83968K, used 43793K [0x0000000084c00000, 0x0000000100000000)
  region size 1024K, 1 young (1024K), 1 survivors (1024K)
 Metaspace       used 97516K, committed 98176K, reserved 1179648K
  class space    used 12940K, committed 13248K, reserved 1048576K
}

