# JRE version: OpenJDK Runtime Environment Temurin-21.0.4+7 (21.0.4+7) (build 21.0.4+7-LTS)
# Java VM: OpenJDK 64-Bit Server VM Temurin-21.0.4+7 (21.0.4+7-LTS, mixed mode, sharing, tiered, compressed oops, compressed class ptrs, g1 gc, windows-amd64)
GC Precious Log:
 CardTable entry size: 512
 Card Set container configuration: InlinePtr #cards 5 size 8 Array Of Cards #cards 12 size 40 Howl #buckets 4 coarsen threshold 1843 Howl Bitmap #cards 512 size 80 coarsen threshold 460 Card regions per heap region 1 cards per card region 2048
 CPUs: 12 total, 12 available
 Memory: 7880M
 Large Page Support: Disabled
 NUMA Support: Disabled
 Compressed Oops: Enabled (32-bit)
 Heap Region Size: 1M
 Heap Min Capacity: 8M
 Heap Initial Capacity: 124M
 Heap Max Capacity: 1972M
 Pre-touch: Disabled
 Parallel Workers: 10
 Concurrent Workers: 3
 Concurrent Refinement Workers: 10
 Periodic GC: Disabled
Heap:
 garbage-first heap   total 83968K, used 68877K [0x0000000084c00000, 0x0000000100000000)
  region size 1024K, 26 young (26624K), 2 survivors (2048K)
 Metaspace       used 95047K, committed 95872K, reserved 1179648K
  class space    used 12468K, committed 12992K, reserved 1048576K
GC Heap History (20 events):
Event: 70.565 GC heap before
{Heap before GC invocations=12 (full 0):
 garbage-first heap   total 68608K, used 51021K [0x0000000084c00000, 0x0000000100000000)
  region size 1024K, 23 young (23552K), 4 survivors (4096K)
 Metaspace       used 61094K, committed 61696K, reserved 1114112K
  class space    used 8281K, committed 8576K, reserved 1048576K
}
Event: 70.643 GC heap after
{Heap after GC invocations=13 (full 0):
 garbage-first heap   total 68608K, used 34503K [0x0000000084c00000, 0x0000000100000000)
  region size 1024K, 3 young (3072K), 3 survivors (3072K)
 Metaspace       used 61094K, committed 61696K, reserved 1114112K
  class space    used 8281K, committed 8576K, reserved 1048576K
}
Event: 79.381 GC heap before
{Heap before GC invocations=14 (full 0):
 garbage-first heap   total 68608K, used 59079K [0x0000000084c00000, 0x0000000100000000)
  region size 1024K, 28 young (28672K), 3 survivors (3072K)
 Metaspace       used 66618K, committed 67392K, reserved 1114112K
  class space    used 9130K, committed 9472K, reserved 1048576K
}
Event: 79.393 GC heap after
{Heap after GC invocations=15 (full 0):
 garbage-first heap   total 82944K, used 36550K [0x0000000084c00000, 0x0000000100000000)
  region size 1024K, 3 young (3072K), 3 survivors (3072K)
 Metaspace       used 66618K, committed 67392K, reserved 1114112K
  class space    used 9130K, committed 9472K, reserved 1048576K
}
Event: 119.214 GC heap before
{Heap before GC invocations=15 (full 0):
 garbage-first heap   total 82944K, used 72390K [0x0000000084c00000, 0x0000000100000000)
  region size 1024K, 38 young (38912K), 3 survivors (3072K)
 Metaspace       used 74398K, committed 75136K, reserved 1179648K
  class space    used 9878K, committed 10240K, reserved 1048576K
}
Event: 119.382 GC heap after
{Heap after GC invocations=16 (full 0):
 garbage-first heap   total 82944K, used 39183K [0x0000000084c00000, 0x0000000100000000)
  region size 1024K, 5 young (5120K), 5 survivors (5120K)
 Metaspace       used 74398K, committed 75136K, reserved 1179648K
  class space    used 9878K, committed 10240K, reserved 1048576K
}
Event: 133.052 GC heap before
{Heap before GC invocations=16 (full 0):
 garbage-first heap   total 82944K, used 71951K [0x0000000084c00000, 0x0000000100000000)
  region size 1024K, 37 young (37888K), 5 survivors (5120K)
 Metaspace       used 79578K, committed 80384K, reserved 1179648K
  class space    used 10579K, committed 10944K, reserved 1048576K
}
Event: 133.089 GC heap after
{Heap after GC invocations=17 (full 0):
 garbage-first heap   total 82944K, used 43025K [0x0000000084c00000, 0x0000000100000000)
  region size 1024K, 4 young (4096K), 4 survivors (4096K)
 Metaspace       used 79578K, committed 80384K, reserved 1179648K
  class space    used 10579K, committed 10944K, reserved 1048576K
}
Event: 140.766 GC heap before
{Heap before GC invocations=17 (full 0):
 garbage-first heap   total 82944K, used 72721K [0x0000000084c00000, 0x0000000100000000)
  region size 1024K, 33 young (33792K), 4 survivors (4096K)
 Metaspace       used 84225K, committed 85056K, reserved 1179648K
  class space    used 11266K, committed 11648K, reserved 1048576K
}
Event: 140.785 GC heap after
{Heap after GC invocations=18 (full 0):
 garbage-first heap   total 82944K, used 46587K [0x0000000084c00000, 0x0000000100000000)
  region size 1024K, 5 young (5120K), 5 survivors (5120K)
 Metaspace       used 84225K, committed 85056K, reserved 1179648K
  class space    used 11266K, committed 11648K, reserved 1048576K
}
Event: 1498.464 GC heap before
{Heap before GC invocations=19 (full 0):
 garbage-first heap   total 82944K, used 71163K [0x0000000084c00000, 0x0000000100000000)
  region size 1024K, 29 young (29696K), 5 survivors (5120K)
 Metaspace       used 89051K, committed 89920K, reserved 1179648K
  class space    used 11899K, committed 12288K, reserved 1048576K
}
Event: 1498.816 GC heap after
{Heap after GC invocations=20 (full 0):
 garbage-first heap   total 82944K, used 48459K [0x0000000084c00000, 0x0000000100000000)
  region size 1024K, 2 young (2048K), 2 survivors (2048K)
 Metaspace       used 89051K, committed 89920K, reserved 1179648K
  class space    used 11899K, committed 12288K, reserved 1048576K
}
Event: 3198.755 GC heap before
{Heap before GC invocations=20 (full 0):
 garbage-first heap   total 82944K, used 73035K [0x0000000084c00000, 0x0000000100000000)
  region size 1024K, 27 young (27648K), 2 survivors (2048K)
 Metaspace       used 93886K, committed 94720K, reserved 1179648K
  class space    used 12568K, committed 12928K, reserved 1048576K
}
Event: 3198.929 GC heap after
{Heap after GC invocations=21 (full 0):
 garbage-first heap   total 82944K, used 48956K [0x0000000084c00000, 0x0000000100000000)
  region size 1024K, 4 young (4096K), 4 survivors (4096K)
 Metaspace       used 93886K, committed 94720K, reserved 1179648K
  class space    used 12568K, committed 12928K, reserved 1048576K
}
Event: 20231.273 GC heap before
{Heap before GC invocations=21 (full 0):
 garbage-first heap   total 82944K, used 72508K [0x0000000084c00000, 0x0000000100000000)
  region size 1024K, 27 young (27648K), 4 survivors (4096K)
 Metaspace       used 94544K, committed 95488K, reserved 1179648K
  class space    used 12571K, committed 12992K, reserved 1048576K
}
Event: 20231.487 GC heap after
{Heap after GC invocations=22 (full 0):
 garbage-first heap   total 82944K, used 49036K [0x0000000084c00000, 0x0000000100000000)
  region size 1024K, 2 young (2048K), 2 survivors (2048K)
 Metaspace       used 94544K, committed 95488K, reserved 1179648K
  class space    used 12571K, committed 12992K, reserved 1048576K
}
Event: 24459.248 GC heap before
{Heap before GC invocations=23 (full 0):
 garbage-first heap   total 83968K, used 73612K [0x0000000084c00000, 0x0000000100000000)
  region size 1024K, 27 young (27648K), 2 survivors (2048K)
 Metaspace       used 94534K, committed 95552K, reserved 1179648K
  class space    used 12462K, committed 12992K, reserved 1048576K
}
Event: 24459.380 GC heap after
{Heap after GC invocations=24 (full 0):
 garbage-first heap   total 83968K, used 49334K [0x0000000084c00000, 0x0000000100000000)
  region size 1024K, 2 young (2048K), 2 survivors (2048K)
 Metaspace       used 94534K, committed 95552K, reserved 1179648K
  class space    used 12462K, committed 12992K, reserved 1048576K
}
Event: 27821.912 GC heap before
{Heap before GC invocations=24 (full 0):
 garbage-first heap   total 83968K, used 74934K [0x0000000084c00000, 0x0000000100000000)
  region size 1024K, 28 young (28672K), 2 survivors (2048K)
 Metaspace       used 94849K, committed 95744K, reserved 1179648K
  class space    used 12467K, committed 12992K, reserved 1048576K
}
Event: 27822.134 GC heap after
{Heap after GC invocations=25 (full 0):
 garbage-first heap   total 83968K, used 45325K [0x0000000084c00000, 0x0000000100000000)
  region size 1024K, 2 young (2048K), 2 survivors (2048K)
 Metaspace       used 94849K, committed 95744K, reserved 1179648K
  class space    used 12467K, committed 12992K, reserved 1048576K
}

