# JRE version: OpenJDK Runtime Environment Temurin-21.0.4+7 (21.0.4+7) (build 21.0.4+7-LTS)
# Java VM: OpenJDK 64-Bit Server VM Temurin-21.0.4+7 (21.0.4+7-LTS, mixed mode, sharing, tiered, compressed oops, compressed class ptrs, g1 gc, windows-amd64)
GC Precious Log:
 CardTable entry size: 512
 Card Set container configuration: InlinePtr #cards 5 size 8 Array Of Cards #cards 12 size 40 Howl #buckets 4 coarsen threshold 1843 Howl Bitmap #cards 512 size 80 coarsen threshold 460 Card regions per heap region 1 cards per card region 2048
 CPUs: 12 total, 12 available
 Memory: 7880M
 Large Page Support: Disabled
 NUMA Support: Disabled
 Compressed Oops: Enabled (32-bit)
 Heap Region Size: 1M
 Heap Min Capacity: 8M
 Heap Initial Capacity: 124M
 Heap Max Capacity: 1972M
 Pre-touch: Disabled
 Parallel Workers: 10
 Concurrent Workers: 3
 Concurrent Refinement Workers: 10
 Periodic GC: Disabled
Heap:
 garbage-first heap   total 153600K, used 118124K [0x0000000084c00000, 0x0000000100000000)
  region size 1024K, 74 young (75776K), 1 survivors (1024K)
 Metaspace       used 75825K, committed 77248K, reserved 1179648K
  class space    used 9760K, committed 10368K, reserved 1048576K
GC Heap History (20 events):
Event: 2645.975 GC heap before
{Heap before GC invocations=120 (full 0):
 garbage-first heap   total 160768K, used 52907K [0x0000000084c00000, 0x0000000100000000)
  region size 1024K, 7 young (7168K), 1 survivors (1024K)
 Metaspace       used 75710K, committed 77248K, reserved 1179648K
  class space    used 9755K, committed 10368K, reserved 1048576K
}
Event: 2646.035 GC heap after
{Heap after GC invocations=121 (full 0):
 garbage-first heap   total 160768K, used 46145K [0x0000000084c00000, 0x0000000100000000)
  region size 1024K, 1 young (1024K), 1 survivors (1024K)
 Metaspace       used 75710K, committed 77248K, reserved 1179648K
  class space    used 9755K, committed 10368K, reserved 1048576K
}
Event: 2649.595 GC heap before
{Heap before GC invocations=121 (full 0):
 garbage-first heap   total 160768K, used 52289K [0x0000000084c00000, 0x0000000100000000)
  region size 1024K, 7 young (7168K), 1 survivors (1024K)
 Metaspace       used 75710K, committed 77248K, reserved 1179648K
  class space    used 9755K, committed 10368K, reserved 1048576K
}
Event: 2649.625 GC heap after
{Heap after GC invocations=122 (full 0):
 garbage-first heap   total 160768K, used 45557K [0x0000000084c00000, 0x0000000100000000)
  region size 1024K, 1 young (1024K), 1 survivors (1024K)
 Metaspace       used 75710K, committed 77248K, reserved 1179648K
  class space    used 9755K, committed 10368K, reserved 1048576K
}
Event: 2649.865 GC heap before
{Heap before GC invocations=122 (full 0):
 garbage-first heap   total 160768K, used 51701K [0x0000000084c00000, 0x0000000100000000)
  region size 1024K, 7 young (7168K), 1 survivors (1024K)
 Metaspace       used 75710K, committed 77248K, reserved 1179648K
  class space    used 9755K, committed 10368K, reserved 1048576K
}
Event: 2649.893 GC heap after
{Heap after GC invocations=123 (full 0):
 garbage-first heap   total 160768K, used 45173K [0x0000000084c00000, 0x0000000100000000)
  region size 1024K, 1 young (1024K), 1 survivors (1024K)
 Metaspace       used 75710K, committed 77248K, reserved 1179648K
  class space    used 9755K, committed 10368K, reserved 1048576K
}
Event: 2649.927 GC heap before
{Heap before GC invocations=123 (full 0):
 garbage-first heap   total 160768K, used 51317K [0x0000000084c00000, 0x0000000100000000)
  region size 1024K, 7 young (7168K), 1 survivors (1024K)
 Metaspace       used 75710K, committed 77248K, reserved 1179648K
  class space    used 9755K, committed 10368K, reserved 1048576K
}
Event: 2649.946 GC heap after
{Heap after GC invocations=124 (full 0):
 garbage-first heap   total 160768K, used 44908K [0x0000000084c00000, 0x0000000100000000)
  region size 1024K, 1 young (1024K), 1 survivors (1024K)
 Metaspace       used 75710K, committed 77248K, reserved 1179648K
  class space    used 9755K, committed 10368K, reserved 1048576K
}
Event: 2654.408 GC heap before
{Heap before GC invocations=124 (full 0):
 garbage-first heap   total 160768K, used 50028K [0x0000000084c00000, 0x0000000100000000)
  region size 1024K, 7 young (7168K), 1 survivors (1024K)
 Metaspace       used 75715K, committed 77248K, reserved 1179648K
  class space    used 9755K, committed 10368K, reserved 1048576K
}
Event: 2654.446 GC heap after
{Heap after GC invocations=125 (full 0):
 garbage-first heap   total 395264K, used 44930K [0x0000000084c00000, 0x0000000100000000)
  region size 1024K, 1 young (1024K), 1 survivors (1024K)
 Metaspace       used 75715K, committed 77248K, reserved 1179648K
  class space    used 9755K, committed 10368K, reserved 1048576K
}
Event: 2719.703 GC heap before
{Heap before GC invocations=125 (full 0):
 garbage-first heap   total 395264K, used 279426K [0x0000000084c00000, 0x0000000100000000)
  region size 1024K, 231 young (236544K), 1 survivors (1024K)
 Metaspace       used 75734K, committed 77248K, reserved 1179648K
  class space    used 9755K, committed 10368K, reserved 1048576K
}
Event: 2719.899 GC heap after
{Heap after GC invocations=126 (full 0):
 garbage-first heap   total 395264K, used 44813K [0x0000000084c00000, 0x0000000100000000)
  region size 1024K, 1 young (1024K), 1 survivors (1024K)
 Metaspace       used 75734K, committed 77248K, reserved 1179648K
  class space    used 9755K, committed 10368K, reserved 1048576K
}
Event: 2740.926 GC heap before
{Heap before GC invocations=127 (full 0):
 garbage-first heap   total 153600K, used 114445K [0x0000000084c00000, 0x0000000100000000)
  region size 1024K, 69 young (70656K), 1 survivors (1024K)
 Metaspace       used 75737K, committed 77248K, reserved 1179648K
  class space    used 9755K, committed 10368K, reserved 1048576K
}
Event: 2741.243 GC heap after
{Heap after GC invocations=128 (full 0):
 garbage-first heap   total 153600K, used 44823K [0x0000000084c00000, 0x0000000100000000)
  region size 1024K, 1 young (1024K), 1 survivors (1024K)
 Metaspace       used 75737K, committed 77248K, reserved 1179648K
  class space    used 9755K, committed 10368K, reserved 1048576K
}
Event: 2754.677 GC heap before
{Heap before GC invocations=128 (full 0):
 garbage-first heap   total 153600K, used 110359K [0x0000000084c00000, 0x0000000100000000)
  region size 1024K, 65 young (66560K), 1 survivors (1024K)
 Metaspace       used 75739K, committed 77248K, reserved 1179648K
  class space    used 9755K, committed 10368K, reserved 1048576K
}
Event: 2754.730 GC heap after
{Heap after GC invocations=129 (full 0):
 garbage-first heap   total 153600K, used 44655K [0x0000000084c00000, 0x0000000100000000)
  region size 1024K, 1 young (1024K), 1 survivors (1024K)
 Metaspace       used 75739K, committed 77248K, reserved 1179648K
  class space    used 9755K, committed 10368K, reserved 1048576K
}
Event: 2784.413 GC heap before
{Heap before GC invocations=129 (full 0):
 garbage-first heap   total 153600K, used 134767K [0x0000000084c00000, 0x0000000100000000)
  region size 1024K, 90 young (92160K), 1 survivors (1024K)
 Metaspace       used 75821K, committed 77248K, reserved 1179648K
  class space    used 9760K, committed 10368K, reserved 1048576K
}
Event: 2784.449 GC heap after
{Heap after GC invocations=130 (full 0):
 garbage-first heap   total 153600K, used 44703K [0x0000000084c00000, 0x0000000100000000)
  region size 1024K, 1 young (1024K), 1 survivors (1024K)
 Metaspace       used 75821K, committed 77248K, reserved 1179648K
  class space    used 9760K, committed 10368K, reserved 1048576K
}
Event: 2809.626 GC heap before
{Heap before GC invocations=130 (full 0):
 garbage-first heap   total 153600K, used 135839K [0x0000000084c00000, 0x0000000100000000)
  region size 1024K, 90 young (92160K), 1 survivors (1024K)
 Metaspace       used 75821K, committed 77248K, reserved 1179648K
  class space    used 9760K, committed 10368K, reserved 1048576K
}
Event: 2809.670 GC heap after
{Heap after GC invocations=131 (full 0):
 garbage-first heap   total 153600K, used 44396K [0x0000000084c00000, 0x0000000100000000)
  region size 1024K, 1 young (1024K), 1 survivors (1024K)
 Metaspace       used 75821K, committed 77248K, reserved 1179648K
  class space    used 9760K, committed 10368K, reserved 1048576K
}

